# JRE version: OpenJDK Runtime Environment (17.0.7) (build 17.0.7+0-b2043.56-10550314)
# Java VM: OpenJDK 64-Bit Server VM (17.0.7+0-b2043.56-10550314, mixed mode, tiered, compressed oops, compressed class ptrs, g1 gc, windows-amd64)
GC Precious Log:
 CPUs: 8 total, 8 available
 Memory: 8112M
 Large Page Support: Disabled
 NUMA Support: Disabled
 Compressed Oops: Enabled (32-bit)
 Heap Region Size: 1M
 Heap Min Capacity: 8M
 Heap Initial Capacity: 128M
 Heap Max Capacity: 2G
 Pre-touch: Disabled
 Parallel Workers: 8
 Concurrent Workers: 2
 Concurrent Refinement Workers: 8
 Periodic GC: Disabled
Heap:
 garbage-first heap   total 237568K, used 135862K [0x0000000080000000, 0x0000000100000000)
  region size 1024K, 4 young (4096K), 4 survivors (4096K)
 Metaspace       used 109501K, committed 110272K, reserved 1179648K
  class space    used 14783K, committed 15168K, reserved 1048576K
GC Heap History (20 events):
Event: 18.736 GC heap after
{Heap after GC invocations=36 (full 0):
 garbage-first heap   total 180224K, used 92551K [0x0000000080000000, 0x0000000100000000)
  region size 1024K, 7 young (7168K), 7 survivors (7168K)
 Metaspace       used 98539K, committed 99264K, reserved 1179648K
  class space    used 13565K, committed 13952K, reserved 1048576K
}
Event: 19.111 GC heap before
{Heap before GC invocations=36 (full 0):
 garbage-first heap   total 180224K, used 105863K [0x0000000080000000, 0x0000000100000000)
  region size 1024K, 21 young (21504K), 7 survivors (7168K)
 Metaspace       used 98750K, committed 99456K, reserved 1179648K
  class space    used 13571K, committed 13952K, reserved 1048576K
}
Event: 19.116 GC heap after
{Heap after GC invocations=37 (full 0):
 garbage-first heap   total 180224K, used 93414K [0x0000000080000000, 0x0000000100000000)
  region size 1024K, 2 young (2048K), 2 survivors (2048K)
 Metaspace       used 98750K, committed 99456K, reserved 1179648K
  class space    used 13571K, committed 13952K, reserved 1048576K
}
Event: 20.731 GC heap before
{Heap before GC invocations=38 (full 0):
 garbage-first heap   total 180224K, used 152806K [0x0000000080000000, 0x0000000100000000)
  region size 1024K, 52 young (53248K), 2 survivors (2048K)
 Metaspace       used 101867K, committed 102592K, reserved 1179648K
  class space    used 13933K, committed 14272K, reserved 1048576K
}
Event: 20.740 GC heap after
{Heap after GC invocations=39 (full 0):
 garbage-first heap   total 180224K, used 107081K [0x0000000080000000, 0x0000000100000000)
  region size 1024K, 7 young (7168K), 7 survivors (7168K)
 Metaspace       used 101867K, committed 102592K, reserved 1179648K
  class space    used 13933K, committed 14272K, reserved 1048576K
}
Event: 20.763 GC heap before
{Heap before GC invocations=39 (full 0):
 garbage-first heap   total 180224K, used 108105K [0x0000000080000000, 0x0000000100000000)
  region size 1024K, 8 young (8192K), 7 survivors (7168K)
 Metaspace       used 101990K, committed 102720K, reserved 1179648K
  class space    used 13948K, committed 14272K, reserved 1048576K
}
Event: 20.769 GC heap after
{Heap after GC invocations=40 (full 0):
 garbage-first heap   total 180224K, used 107674K [0x0000000080000000, 0x0000000100000000)
  region size 1024K, 1 young (1024K), 1 survivors (1024K)
 Metaspace       used 101990K, committed 102720K, reserved 1179648K
  class space    used 13948K, committed 14272K, reserved 1048576K
}
Event: 20.963 GC heap before
{Heap before GC invocations=40 (full 0):
 garbage-first heap   total 180224K, used 140442K [0x0000000080000000, 0x0000000100000000)
  region size 1024K, 33 young (33792K), 1 survivors (1024K)
 Metaspace       used 102228K, committed 102848K, reserved 1179648K
  class space    used 13968K, committed 14272K, reserved 1048576K
}
Event: 20.974 GC heap after
{Heap after GC invocations=41 (full 0):
 garbage-first heap   total 180224K, used 126724K [0x0000000080000000, 0x0000000100000000)
  region size 1024K, 5 young (5120K), 5 survivors (5120K)
 Metaspace       used 102228K, committed 102848K, reserved 1179648K
  class space    used 13968K, committed 14272K, reserved 1048576K
}
Event: 21.249 GC heap before
{Heap before GC invocations=42 (full 0):
 garbage-first heap   total 217088K, used 142084K [0x0000000080000000, 0x0000000100000000)
  region size 1024K, 21 young (21504K), 5 survivors (5120K)
 Metaspace       used 102617K, committed 103296K, reserved 1179648K
  class space    used 14012K, committed 14336K, reserved 1048576K
}
Event: 21.255 GC heap after
{Heap after GC invocations=43 (full 0):
 garbage-first heap   total 217088K, used 129333K [0x0000000080000000, 0x0000000100000000)
  region size 1024K, 2 young (2048K), 2 survivors (2048K)
 Metaspace       used 102617K, committed 103296K, reserved 1179648K
  class space    used 14012K, committed 14336K, reserved 1048576K
}
Event: 21.406 GC heap before
{Heap before GC invocations=43 (full 0):
 garbage-first heap   total 217088K, used 137525K [0x0000000080000000, 0x0000000100000000)
  region size 1024K, 10 young (10240K), 2 survivors (2048K)
 Metaspace       used 102988K, committed 103680K, reserved 1179648K
  class space    used 14053K, committed 14400K, reserved 1048576K
}
Event: 21.410 GC heap after
{Heap after GC invocations=44 (full 0):
 garbage-first heap   total 217088K, used 127529K [0x0000000080000000, 0x0000000100000000)
  region size 1024K, 1 young (1024K), 1 survivors (1024K)
 Metaspace       used 102988K, committed 103680K, reserved 1179648K
  class space    used 14053K, committed 14400K, reserved 1048576K
}
Event: 22.094 GC heap before
{Heap before GC invocations=44 (full 0):
 garbage-first heap   total 217088K, used 194089K [0x0000000080000000, 0x0000000100000000)
  region size 1024K, 36 young (36864K), 1 survivors (1024K)
 Metaspace       used 105563K, committed 106304K, reserved 1179648K
  class space    used 14352K, committed 14720K, reserved 1048576K
}
Event: 22.099 GC heap after
{Heap after GC invocations=45 (full 0):
 garbage-first heap   total 217088K, used 132065K [0x0000000080000000, 0x0000000100000000)
  region size 1024K, 5 young (5120K), 5 survivors (5120K)
 Metaspace       used 105563K, committed 106304K, reserved 1179648K
  class space    used 14352K, committed 14720K, reserved 1048576K
}
Event: 22.826 GC heap before
{Heap before GC invocations=46 (full 0):
 garbage-first heap   total 237568K, used 167905K [0x0000000080000000, 0x0000000100000000)
  region size 1024K, 39 young (39936K), 5 survivors (5120K)
 Metaspace       used 108281K, committed 109056K, reserved 1179648K
  class space    used 14667K, committed 15040K, reserved 1048576K
}
Event: 22.833 GC heap after
{Heap after GC invocations=47 (full 0):
 garbage-first heap   total 237568K, used 133980K [0x0000000080000000, 0x0000000100000000)
  region size 1024K, 2 young (2048K), 2 survivors (2048K)
 Metaspace       used 108281K, committed 109056K, reserved 1179648K
  class space    used 14667K, committed 15040K, reserved 1048576K
}
Event: 22.893 GC heap before
{Heap before GC invocations=47 (full 0):
 garbage-first heap   total 237568K, used 142172K [0x0000000080000000, 0x0000000100000000)
  region size 1024K, 11 young (11264K), 2 survivors (2048K)
 Metaspace       used 108324K, committed 109056K, reserved 1179648K
  class space    used 14668K, committed 15040K, reserved 1048576K
}
Event: 22.897 GC heap after
{Heap after GC invocations=48 (full 0):
 garbage-first heap   total 237568K, used 132662K [0x0000000080000000, 0x0000000100000000)
  region size 1024K, 1 young (1024K), 1 survivors (1024K)
 Metaspace       used 108324K, committed 109056K, reserved 1179648K
  class space    used 14668K, committed 15040K, reserved 1048576K
}
Event: 23.624 GC heap before
{Heap before GC invocations=48 (full 0):
 garbage-first heap   total 237568K, used 182838K [0x0000000080000000, 0x0000000100000000)
  region size 1024K, 51 young (52224K), 1 survivors (1024K)
 Metaspace       used 109501K, committed 110272K, reserved 1179648K
  class space    used 14783K, committed 15168K, reserved 1048576K
}

